<?xml version="1.0" encoding="UTF-8"?>
<!-- Generated by org.testng.reporters.JUnitReportReporter -->
<testsuite hostname="nb-hdu" failures="0" tests="1" name="hduappium.eCommerce_tc_1" time="0.004" errors="0" timestamp="2023-09-28T14:38:09 CEST" skipped="0">
  <testcase classname="hduappium.eCommerce_tc_1" name="fillForm" time="0.004"/>
</testsuite> <!-- hduappium.eCommerce_tc_1 -->
