<?xml version="1.0" encoding="UTF-8"?>
<!-- Generated by org.testng.reporters.JUnitReportReporter -->
<testsuite hostname="nb-hdu" failures="0" tests="1" name="hduappium.AccessibilityTest" time="0.263" errors="0" timestamp="2023-09-25T14:41:28 CEST" skipped="0">
  <testcase classname="hduappium.AccessibilityTest" name="accessibilityTest" time="0.263"/>
</testsuite> <!-- hduappium.AccessibilityTest -->
